#"Step","Potential Energy (kJ/mole)","Temperature (K)"
30000,-3297.1630859375,303.3912121501615
60000,-3308.173583984375,294.2718395302494
90000,-3221.2763671875,294.2392333796241
120000,-3269.56982421875,291.47457400505266
150000,-3322.023193359375,294.31882765241096
180000,-3320.042236328125,288.4019137375247
210000,-3281.35986328125,299.71852861530397
240000,-3374.548828125,278.1119552633041
270000,-3296.365234375,275.7352916249551
300000,-3314.42724609375,282.8281510680237
330000,-3278.39453125,340.08693361389675
360000,-3272.81396484375,299.19072093288315
390000,-3338.182373046875,330.8964882860723
420000,-3286.619384765625,279.27772957101644
450000,-3388.125732421875,288.4486357909551
480000,-3350.854736328125,294.7560729685119
510000,-3346.635986328125,325.2519877656288
540000,-3329.468017578125,287.42822366877897
570000,-3218.4658203125,287.9239390308511
600000,-3344.81494140625,291.54786209136785
630000,-3235.59912109375,304.3232767612884
660000,-3386.64501953125,356.8892898456244
690000,-3337.4814453125,305.68131377813677
720000,-3314.257080078125,289.3041401201361
750000,-3272.603515625,284.824512857951
780000,-3313.35693359375,317.82094446866813
810000,-3258.20166015625,264.0156861494088
840000,-3338.224609375,308.79708082205354
870000,-3288.471435546875,336.7002317660207
900000,-3281.1943359375,308.6985919266278
930000,-3287.225341796875,283.8457516742672
960000,-3323.9677734375,275.18187036114654
990000,-3205.87060546875,293.01210511737895
1020000,-3280.4677734375,306.78060127288074
1050000,-3296.429443359375,306.7992410924978
1080000,-3242.420166015625,324.78915789709185
1110000,-3282.8935546875,329.34183685503535
1140000,-3343.815185546875,322.8015786334964
1170000,-3270.975341796875,313.9211311590517
1200000,-3291.89501953125,258.95338814369416
1230000,-3317.735595703125,297.50934998907974
1260000,-3404.05712890625,341.80431373439177
1290000,-3363.9375,297.2734311492419
1320000,-3332.01904296875,323.62199712691927
1350000,-3320.28515625,314.86175766521535
1380000,-3367.31494140625,263.76347350455626
1410000,-3269.788330078125,272.6784090743714
1440000,-3256.439697265625,284.4883608229732
1470000,-3347.6181640625,286.50631896466984
1500000,-3320.8427734375,294.5123647753305
1530000,-3309.380615234375,290.78549846531166
1560000,-3267.8095703125,299.6692725280991
1590000,-3356.55224609375,287.3007618596965
1620000,-3301.973388671875,322.75082734411
1650000,-3316.4306640625,325.31724134618815
1680000,-3347.99609375,290.0020389374887
1710000,-3315.076904296875,284.8840666375771
1740000,-3343.647705078125,315.44861623951164
1770000,-3256.395751953125,271.93276139791993
1800000,-3259.56494140625,288.6261712134257
1830000,-3308.588134765625,296.85006490876566
1860000,-3288.994140625,296.30204358125536
1890000,-3231.209716796875,283.1682007805435
1920000,-3282.158447265625,307.5228233318624
1950000,-3309.625244140625,279.7162657461107
1980000,-3327.353759765625,290.0137736044354
2010000,-3254.65185546875,289.6356283436383
2040000,-3259.521728515625,312.9036825990784
2070000,-3330.3515625,311.5716352060426
2100000,-3285.393798828125,294.1054139922283
2130000,-3314.1572265625,289.77228520078137
2160000,-3306.40283203125,322.2124277534019
2190000,-3398.97998046875,287.8666412087066
2220000,-3331.8408203125,344.8296101409297
2250000,-3273.240966796875,256.02487356259337
2280000,-3311.178466796875,301.121430392942
2310000,-3288.91064453125,285.2212638682453
2340000,-3292.18798828125,284.96621396869295
2370000,-3350.416015625,276.61903560387583
2400000,-3270.30908203125,320.1889398655285
2430000,-3303.13525390625,291.96061194814223
2460000,-3305.52783203125,278.99630446683364
2490000,-3276.72705078125,278.44035400842944
2520000,-3310.19970703125,283.94426886944217
2550000,-3251.1875,341.7306907503009
2580000,-3279.978271484375,305.9894687597018
2610000,-3306.6708984375,340.42640077563925
2640000,-3324.88916015625,311.8912057148161
2670000,-3382.650146484375,306.80379737822926
2700000,-3380.60888671875,309.7235194502282
2730000,-3334.191650390625,265.65860939562367
2760000,-3285.420654296875,292.3796475125093
2790000,-3362.254638671875,267.0495373719656
2820000,-3292.439453125,293.7390511948065
2850000,-3208.531494140625,316.0459921875616
2880000,-3251.478515625,284.038554855483
2910000,-3360.283203125,317.40718281180085
2940000,-3276.775390625,288.31092140288814
2970000,-3297.8564453125,304.14681889363413
3000000,-3316.233642578125,300.92457471963763
3030000,-3264.57666015625,333.17637732041504
3060000,-3358.6328125,317.43650544232554
3090000,-3298.142578125,316.0340747058348
3120000,-3233.851806640625,276.83968347272344
3150000,-3297.3466796875,288.3523152768924
3180000,-3393.758056640625,299.9744745011066
3210000,-3276.01025390625,304.9551649504112
3240000,-3344.726318359375,307.45000268434444
3270000,-3262.24365234375,311.26148092546487
3300000,-3353.1767578125,311.70607407197696
3330000,-3330.15234375,290.2399660479375
3360000,-3273.43505859375,289.44276024054875
3390000,-3377.45751953125,283.010574192641
3420000,-3405.90625,305.3953819727684
3450000,-3340.015625,319.3937698507383
3480000,-3294.4013671875,295.1544620785618
3510000,-3275.65869140625,290.55970002252917
3540000,-3340.76123046875,340.3806837566737
3570000,-3355.11767578125,265.3330418479614
3600000,-3288.140625,304.5334312470222
3630000,-3348.911865234375,320.52204497336
3660000,-3311.176025390625,272.2798206223117
3690000,-3332.574462890625,329.37251033992374
3720000,-3309.179931640625,306.11084204864676
3750000,-3271.762939453125,321.1299228966265
3780000,-3277.42919921875,303.398554970417
3810000,-3272.61083984375,279.0675167115412
3840000,-3386.3193359375,294.55158697901135
3870000,-3318.4833984375,312.7270666034336
3900000,-3306.23193359375,299.7433417743264
3930000,-3312.969970703125,333.83886442643154
3960000,-3329.605224609375,319.121924430368
3990000,-3280.1337890625,258.89448843626707
4020000,-3258.107666015625,317.51104293081937
4050000,-3352.73046875,273.3886153372368
4080000,-3265.46875,304.7278311752341
4110000,-3277.049072265625,284.9403957882636
4140000,-3321.898193359375,291.3987238104627
4170000,-3288.1513671875,358.37438848057155
4200000,-3346.27783203125,295.246196399389
4230000,-3292.91650390625,297.5284063983716
4260000,-3287.34326171875,277.4775376367901
4290000,-3299.16748046875,294.2334904957586
4320000,-3293.9921875,296.9946242468384
4350000,-3302.2822265625,331.01301932764926
4380000,-3348.72021484375,294.87730821579186
4410000,-3303.196044921875,334.8566030270051
4440000,-3234.63330078125,299.88722033188344
4470000,-3301.57080078125,275.45901013117026
4500000,-3341.324951171875,360.82894536222483
4530000,-3368.778076171875,314.11170109905555
4560000,-3272.12060546875,268.54374499316395
4590000,-3234.828369140625,308.91793662614003
4620000,-3334.11181640625,316.07830086110846
4650000,-3339.79296875,304.9027209677917
4680000,-3294.1806640625,301.96617992950246
4710000,-3265.16650390625,271.39652972787565
4740000,-3309.86083984375,293.57614695810986
4770000,-3325.026611328125,290.1858766062075
4800000,-3227.773681640625,338.46655215844396
4830000,-3274.56591796875,305.355174742601
4860000,-3282.337646484375,276.33175791145334
4890000,-3342.50732421875,291.0392448331717
4920000,-3290.23291015625,302.3909626639931
4950000,-3270.17578125,323.7665398210571
4980000,-3321.7041015625,320.0898526437414
5010000,-3353.18701171875,288.85889431004676
5040000,-3308.64501953125,280.8333545245239
5070000,-3263.2353515625,301.3798140104542
5100000,-3338.03466796875,279.4632339762973
5130000,-3334.073486328125,269.0652572855539
5160000,-3312.511474609375,324.363829339636
5190000,-3334.57568359375,307.71669974980784
5220000,-3204.86865234375,286.07391571720683
5250000,-3369.3740234375,269.3239107545098
5280000,-3356.30078125,287.248203737911
5310000,-3303.798095703125,335.8125678486827
5340000,-3351.23095703125,303.15333098763136
5370000,-3347.812744140625,318.72131898052663
5400000,-3221.50537109375,308.7514125841644
5430000,-3333.8818359375,295.55377579289774
5460000,-3275.9921875,305.1437310039964
5490000,-3288.04541015625,322.65550886609026
5520000,-3361.741943359375,306.26533146804326
5550000,-3273.4326171875,291.7962358633308
5580000,-3290.64013671875,341.79329040183114
5610000,-3388.73974609375,277.68064303662413
5640000,-3282.467041015625,315.24292111392936
5670000,-3309.222900390625,300.15632298620204
5700000,-3304.071044921875,315.0368679429827
5730000,-3307.4541015625,335.3071713673436
5760000,-3296.951904296875,296.6337214010801
5790000,-3257.295654296875,274.3863944257088
5820000,-3254.91748046875,341.33936069259835
5850000,-3329.15771484375,310.08904327385414
5880000,-3195.62744140625,293.52303617019976
5910000,-3342.76025390625,301.30601513309017
5940000,-3308.80859375,301.4860020274532
5970000,-3319.953369140625,306.66810342380575
6000000,-3248.912841796875,280.95081823690896
6030000,-3276.1103515625,301.103180544456
6060000,-3363.58740234375,290.82390122819345
6090000,-3246.19384765625,331.0672671360847
6120000,-3306.00732421875,291.1135875903211
6150000,-3283.986328125,318.68371511345924
6180000,-3295.690673828125,295.1445434588159
6210000,-3390.21142578125,258.2451899698533
6240000,-3346.7265625,294.1387427690648
6270000,-3289.3828125,288.3316794239636
6300000,-3339.384521484375,292.1612067792609
6330000,-3303.57177734375,300.683136466508
6360000,-3336.6630859375,280.5516697148913
6390000,-3290.604736328125,296.81267674363335
6420000,-3305.12060546875,291.8512758770354
6450000,-3339.594482421875,322.3627083661362
6480000,-3345.48779296875,319.97738531099526
6510000,-3262.55859375,281.32069260914653
6540000,-3297.51123046875,311.0508936859996
6570000,-3307.49658203125,295.7367850753351
6600000,-3255.283203125,300.05799605860756
6630000,-3296.27880859375,278.3343386977582
6660000,-3319.1318359375,294.04234870307585
6690000,-3264.97509765625,291.29673040781324
6720000,-3217.309814453125,296.584052452233
6750000,-3218.7119140625,299.52174662776935
6780000,-3350.75830078125,317.65270059096736
6810000,-3267.246337890625,298.0910840252756
6840000,-3288.78271484375,311.12104192346936
6870000,-3274.05859375,293.17236633615215
6900000,-3320.031494140625,266.28035890417283
6930000,-3286.27099609375,305.87460674798194
6960000,-3361.271484375,279.06059753386245
6990000,-3262.025634765625,277.8893284816932
7020000,-3252.4404296875,285.73453241497594
7050000,-3364.48583984375,318.7256819716915
7080000,-3274.7890625,301.39874875269663
7110000,-3341.54931640625,306.76088018673727
7140000,-3327.5380859375,295.84743734103944
7170000,-3355.539794921875,298.0917892795737
7200000,-3342.498046875,300.5849965297755
7230000,-3282.24560546875,300.106850039805
7260000,-3320.481201171875,290.5885128323707
7290000,-3328.2724609375,280.80866950600836
7320000,-3323.35595703125,277.6809973074372
7350000,-3272.1708984375,321.0226996716039
7380000,-3336.990234375,293.09825138888226
7410000,-3368.90478515625,265.409139298919
7440000,-3304.1083984375,297.8471663081815
7470000,-3429.117431640625,310.8916549686823
7500000,-3320.69189453125,323.8568695175076
7530000,-3257.53271484375,335.35888859255647
7560000,-3355.86962890625,290.48114563004833
7590000,-3313.15087890625,288.850867199963
7620000,-3239.8505859375,313.3284898840666
7650000,-3279.46875,335.27823322036454
7680000,-3267.48388671875,298.55755878169884
7710000,-3232.51171875,287.21676056529816
7740000,-3269.949951171875,280.3652172435298
7770000,-3355.25,308.47613832877437
7800000,-3269.50390625,318.4536457263312
7830000,-3312.99462890625,308.8616701599366
7860000,-3225.095458984375,286.12123990664287
7890000,-3356.5341796875,308.8072104461525
7920000,-3349.0078125,269.20636623653115
7950000,-3303.74462890625,322.36794263472666
7980000,-3331.9482421875,306.4582565399251
8010000,-3311.635498046875,292.75356868358796
8040000,-3221.041015625,317.9594385753806
8070000,-3257.74072265625,276.02550797121467
8100000,-3316.781494140625,353.10760609311126
8130000,-3344.9599609375,272.0806979359671
8160000,-3249.80029296875,319.6432206454079
8190000,-3295.46826171875,338.03599353622764
8220000,-3244.698974609375,305.0373189883946
8250000,-3362.005126953125,283.38877131067176
8280000,-3267.71875,297.81134620672015
8310000,-3319.06689453125,291.28495070985775
8340000,-3287.376708984375,280.4253739148879
8370000,-3325.2939453125,307.5540422936814
8400000,-3344.35595703125,297.0562648546687
8430000,-3340.92919921875,276.4010825638709
8460000,-3355.4775390625,302.56263014212516
8490000,-3394.627197265625,298.69644708540756
8520000,-3389.163330078125,333.4707635889299
8550000,-3345.2451171875,291.24442293908356
8580000,-3340.71484375,301.231556903236
8610000,-3297.601318359375,318.23287690535466
8640000,-3317.794189453125,321.77384712674353
8670000,-3264.949462890625,314.2057127902917
8700000,-3274.0224609375,299.47161442681653
8730000,-3295.55078125,294.9697820140595
8760000,-3312.42236328125,280.58945438582106
8790000,-3287.275634765625,322.0590197196853
8820000,-3355.415283203125,295.25251726213213
8850000,-3326.6064453125,306.65650157128056
8880000,-3345.10986328125,284.178086011384
8910000,-3286.02587890625,298.24148633770403
8940000,-3266.308837890625,276.89198411869666
8970000,-3321.209716796875,319.18390527665804
9000000,-3292.483154296875,308.2170696134758
9030000,-3305.94189453125,291.9246384889071
9060000,-3239.4140625,310.9696931886244
9090000,-3319.497802734375,288.5290729549098
9120000,-3419.53173828125,300.79197748379244
9150000,-3313.46337890625,272.1822442036407
9180000,-3290.8994140625,305.3779535662057
9210000,-3332.638427734375,303.90826459599293
9240000,-3286.873291015625,299.0133815879456
9270000,-3337.48046875,303.1050780121146
9300000,-3285.009033203125,290.9005996350484
9330000,-3339.18310546875,275.9525062758147
9360000,-3292.687744140625,282.8453949704397
9390000,-3387.1162109375,329.6131375109471
9420000,-3312.880859375,298.42722211114415
9450000,-3224.289306640625,293.52998226185724
9480000,-3338.8310546875,279.1942178585653
9510000,-3322.3564453125,299.3870900914203
9540000,-3316.5888671875,357.5309821244059
9570000,-3322.45263671875,312.3914596528332
9600000,-3335.18994140625,285.9335087348318
9630000,-3222.05859375,276.7007591553069
9660000,-3325.021728515625,293.58874337918735
9690000,-3245.28564453125,312.99750376769686
9720000,-3291.26416015625,256.49406314441154
9750000,-3347.390380859375,294.98784274977356
9780000,-3371.53173828125,313.0780579884437
9810000,-3266.3056640625,273.59541782394064
9840000,-3234.725830078125,291.2545079133014
9870000,-3284.319580078125,301.37201600298283
9900000,-3275.3671875,299.3823678690699
9930000,-3311.375732421875,304.4685279823623
9960000,-3342.619140625,308.5344484127312
9990000,-3327.109619140625,314.4677434812574
10020000,-3299.338134765625,301.5560133646007
10050000,-3266.61572265625,315.82127917024894
10080000,-3349.0302734375,321.71114278915593
10110000,-3249.55517578125,309.0561469176094
10140000,-3304.4658203125,295.1414328303021
10170000,-3273.82958984375,283.7365268973349
10200000,-3366.1591796875,305.81829662919506
10230000,-3320.57373046875,307.0274975589776
10260000,-3265.424072265625,264.9458241822318
10290000,-3328.07373046875,293.061815620159
10320000,-3314.8671875,288.06878322553496
10350000,-3321.95263671875,332.45896067222026
10380000,-3270.316162109375,302.95913139709467
10410000,-3273.8134765625,305.18032138813317
10440000,-3259.2822265625,308.15952182259156
10470000,-3376.92431640625,309.68556407572726
10500000,-3299.608642578125,316.02079476534567
10530000,-3333.039794921875,331.8587638963177
10560000,-3275.58544921875,307.4157273169708
10590000,-3311.7685546875,299.61100664168924
10620000,-3292.3046875,310.3168464807915
10650000,-3258.902099609375,311.26368225192755
10680000,-3240.757568359375,268.35915269248756
10710000,-3299.94677734375,299.3988982849935
10740000,-3295.13037109375,293.8897116979676
10770000,-3315.974609375,281.12473038069743
10800000,-3265.331787109375,294.4620376867465
10830000,-3308.0263671875,295.5114769953218
10860000,-3263.18017578125,277.1549703889362
10890000,-3317.310791015625,298.4201659609167
10920000,-3270.865966796875,301.58574735143577
10950000,-3272.22607421875,304.0767162331569
10980000,-3337.8798828125,313.14653566420066
11010000,-3287.0283203125,298.04238277344024
11040000,-3270.84814453125,330.5280606246622
11070000,-3273.099609375,282.1666982967833
11100000,-3247.33544921875,291.34687121066236
11130000,-3296.62255859375,298.48192278738475
11160000,-3279.364013671875,288.0418384464224
11190000,-3357.3212890625,303.1931605096747
11220000,-3166.910888671875,304.2176024978509
11250000,-3284.866455078125,322.0797709457523
11280000,-3329.527099609375,307.26656531311284
11310000,-3243.4033203125,294.89079958338385
11340000,-3284.7197265625,262.8455209196683
11370000,-3289.568359375,287.86392032607495
11400000,-3271.44482421875,315.34781748519606
11430000,-3340.29296875,318.44420102047235
11460000,-3221.24658203125,297.05578101024344
11490000,-3192.204833984375,334.9193385305525
11520000,-3294.3857421875,307.23650491410143
11550000,-3258.037109375,316.77099361250157
11580000,-3275.71533203125,304.914833647275
11610000,-3395.4677734375,318.8668697450927
11640000,-3362.087158203125,340.84069643072075
11670000,-3337.013671875,308.38890514687233
11700000,-3372.4892578125,291.8659775624498
11730000,-3283.1982421875,300.81635421001806
11760000,-3340.0341796875,272.75872859392825
11790000,-3249.107666015625,301.84568077929714
11820000,-3320.0810546875,275.91092267205255
11850000,-3329.61572265625,294.38479630824276
11880000,-3356.399658203125,310.6538176301206
11910000,-3257.155029296875,287.1188320336332
11940000,-3282.6611328125,308.62756833766537
11970000,-3379.653076171875,314.6334539356409
12000000,-3269.109130859375,301.89958417563935
