#"Step","Potential Energy (kJ/mole)","Temperature (K)"
30000,-3354.021728515625,299.44822550514726
60000,-3367.025390625,307.8724245590245
90000,-3275.919921875,294.3777865390892
120000,-3317.26025390625,260.0800555343553
150000,-3333.945068359375,295.7309563047178
180000,-3299.402587890625,293.9620166822052
210000,-3300.462890625,286.82700645334575
240000,-3345.42236328125,296.7550045023251
270000,-3322.283935546875,263.7761548607905
300000,-3271.64306640625,293.703017054661
330000,-3250.66796875,302.1165309904616
360000,-3243.7509765625,323.2446322739804
390000,-3300.5732421875,313.171402489589
420000,-3344.947021484375,299.3097589816314
450000,-3328.604736328125,288.6850364006432
480000,-3345.474609375,293.40734818301456
510000,-3362.97998046875,292.491096393791
540000,-3285.91650390625,295.2538426821411
570000,-3376.49609375,295.24361351271966
600000,-3293.9794921875,307.6377745690776
630000,-3327.4375,270.7968891094557
660000,-3268.890869140625,294.044277597526
690000,-3271.32421875,275.4152916901761
720000,-3330.1494140625,266.78226986122075
750000,-3341.15576171875,292.61412460066794
780000,-3306.73583984375,287.058849179341
810000,-3312.73876953125,315.05777386689124
840000,-3284.548828125,333.21302826059593
870000,-3288.13037109375,287.88481555820994
900000,-3346.12841796875,284.16229973783805
930000,-3267.81103515625,296.03038323876353
960000,-3346.811767578125,289.9588935272414
990000,-3336.04345703125,315.2810754742041
1020000,-3322.769287109375,291.72950712121275
1050000,-3315.1494140625,294.8584238460584
1080000,-3339.078369140625,328.93911001760637
1110000,-3265.63330078125,339.0223813227652
1140000,-3319.66162109375,310.0811671670404
1170000,-3321.0029296875,276.93472130367485
1200000,-3345.951171875,281.14017272529276
1230000,-3384.130615234375,289.9323128442009
1260000,-3336.69775390625,316.27695604785487
1290000,-3275.50146484375,325.20998837423303
1320000,-3248.122802734375,314.4591592376126
1350000,-3277.279296875,298.391898595361
1380000,-3348.8779296875,298.92650702513976
1410000,-3237.62353515625,290.77823275852654
1440000,-3289.4501953125,294.97261352001556
1470000,-3249.50537109375,288.006920682251
1500000,-3309.63134765625,287.8946919762283
1530000,-3283.7490234375,300.40658040043803
1560000,-3357.56396484375,300.761381060959
1590000,-3304.62109375,281.9917536218422
1620000,-3415.307861328125,287.72977896007023
1650000,-3268.995849609375,288.14275888084535
1680000,-3255.0263671875,288.6490025045172
1710000,-3264.81396484375,285.6310690894369
1740000,-3360.755859375,313.3731505656825
1770000,-3390.22216796875,267.91269346332285
1800000,-3345.453857421875,272.37513662830645
1830000,-3372.384765625,305.0066985781858
1860000,-3366.13916015625,283.84255801378663
1890000,-3299.01318359375,309.65808325157354
1920000,-3299.56103515625,323.8720085236566
1950000,-3329.773193359375,304.46759151333544
1980000,-3283.1455078125,293.70774723580575
2010000,-3300.663818359375,294.8094932190268
2040000,-3319.5234375,295.66096175718235
2070000,-3237.1123046875,299.67869046524845
2100000,-3317.015869140625,311.2160805950235
2130000,-3277.94091796875,297.222175246829
2160000,-3334.274169921875,311.4860699106146
2190000,-3337.005859375,281.7266526382377
2220000,-3241.77490234375,297.67724600739984
2250000,-3311.08544921875,295.32516939409453
2280000,-3322.73291015625,279.2854551364837
2310000,-3319.685791015625,266.1040617401813
2340000,-3272.44189453125,267.4090387517284
2370000,-3337.46435546875,291.71004089603554
2400000,-3300.148681640625,335.2571382791701
2430000,-3261.3701171875,271.2148910066322
2460000,-3258.431396484375,290.1408317691258
2490000,-3305.9072265625,291.0386842621166
2520000,-3379.904296875,292.3145219337165
2550000,-3346.72998046875,306.17202954057177
2580000,-3360.34765625,305.3648802238421
2610000,-3266.4296875,311.4155909147258
2640000,-3378.45654296875,345.7878018548198
2670000,-3275.32177734375,310.03433135475564
2700000,-3296.98291015625,300.10120132303655
2730000,-3342.076416015625,303.30498530851503
2760000,-3307.333984375,288.2206800937786
2790000,-3306.21142578125,291.3728637418996
2820000,-3258.94384765625,314.7797029162931
2850000,-3320.002685546875,294.76276434447226
2880000,-3271.39013671875,297.2085128728856
2910000,-3236.462890625,339.16936835101694
2940000,-3297.154296875,294.8186332798325
2970000,-3318.30712890625,310.9753403612953
3000000,-3359.26220703125,273.91743591987915
3030000,-3358.196044921875,303.47786603433735
3060000,-3250.707763671875,299.63753291161476
3090000,-3333.779541015625,295.2148006987975
3120000,-3318.05078125,289.4312134793336
3150000,-3320.62548828125,272.5127447715284
3180000,-3320.77294921875,327.3320197406041
3210000,-3378.5244140625,313.28032362774303
3240000,-3347.01953125,347.4782833591684
3270000,-3353.502197265625,296.2007568888606
3300000,-3274.335693359375,312.0195072158792
3330000,-3334.4697265625,313.63033429945636
3360000,-3269.03955078125,294.7128224902634
3390000,-3319.695068359375,304.95339320787303
3420000,-3326.25146484375,316.69152855341827
3450000,-3344.5205078125,290.6677568382253
3480000,-3296.24560546875,274.57991836667117
3510000,-3291.98486328125,302.5429228402348
3540000,-3239.223876953125,312.8095451010282
3570000,-3378.0908203125,273.5823518046145
3600000,-3351.61962890625,278.67792304046105
3630000,-3356.443359375,290.92972765868683
3660000,-3368.150390625,282.64823960266114
3690000,-3299.239501953125,293.9515956431613
3720000,-3217.37646484375,294.9268848419713
3750000,-3324.1083984375,285.54172117376703
3780000,-3376.652099609375,310.907901131923
3810000,-3285.953125,296.86935190478255
3840000,-3290.69140625,325.341912309499
3870000,-3333.4609375,272.2731522070487
3900000,-3234.3701171875,327.1600221112456
3930000,-3355.623779296875,312.71417915425167
3960000,-3348.86474609375,296.7066274913809
3990000,-3341.5361328125,292.25745520143454
4020000,-3270.8271484375,291.97025900585857
4050000,-3283.41796875,267.82321770502966
4080000,-3394.67431640625,294.22557802838634
4110000,-3178.025390625,271.87272654500134
4140000,-3345.00390625,272.35990171101383
4170000,-3290.06005859375,305.3188006218894
4200000,-3317.250732421875,312.77963807040015
4230000,-3333.967529296875,308.0263264003495
4260000,-3277.36865234375,300.78995346901803
4290000,-3317.14697265625,294.94120359446646
4320000,-3203.014404296875,311.84056454276026
4350000,-3234.60791015625,283.77449032448396
4380000,-3266.03564453125,331.9719425422308
4410000,-3348.401611328125,271.39722968494806
4440000,-3337.160400390625,305.79574013522955
4470000,-3336.7900390625,274.2353428141546
4500000,-3235.195556640625,279.5752275551159
4530000,-3246.125,285.9129009172295
4560000,-3324.42578125,299.33445654389897
4590000,-3311.00732421875,295.0838197249906
4620000,-3300.748779296875,305.0766539617933
4650000,-3267.08056640625,318.0293611771124
4680000,-3310.111328125,282.3972004294816
4710000,-3313.3037109375,334.3954354985961
4740000,-3308.69970703125,322.2047183193466
4770000,-3288.263671875,264.11454453300615
4800000,-3313.97802734375,302.2513717942829
4830000,-3355.10888671875,290.870925009051
4860000,-3265.550537109375,269.24318301702897
4890000,-3302.69921875,300.36139931164485
4920000,-3296.6494140625,293.3449590241307
4950000,-3263.1318359375,366.8560602280852
4980000,-3211.1591796875,293.39338642390607
5010000,-3256.949951171875,257.3775982584357
5040000,-3314.947509765625,300.4829413591449
5070000,-3359.47119140625,300.4340068237185
5100000,-3327.99462890625,323.3514023553496
5130000,-3231.345947265625,325.72875104455795
5160000,-3278.376220703125,269.15229842114366
5190000,-3272.69482421875,255.54361933806763
5220000,-3372.72216796875,340.56278360525664
5250000,-3334.43994140625,309.23072055864924
5280000,-3298.22607421875,302.54239833022234
5310000,-3259.7001953125,282.62221233902324
5340000,-3297.1572265625,299.3895756509791
5370000,-3312.539306640625,325.5362748006913
5400000,-3367.650390625,304.3403507158596
5430000,-3356.015869140625,287.15575551192217
5460000,-3377.89599609375,302.5142415488174
5490000,-3317.533935546875,321.8100883220414
5520000,-3334.813720703125,306.96551527795
5550000,-3304.5146484375,290.375917867054
5580000,-3303.08935546875,301.8746414119922
5610000,-3257.73876953125,303.7259181508747
5640000,-3328.04150390625,280.4707351548521
5670000,-3271.101318359375,290.16501972045296
5700000,-3315.49072265625,270.37956019559215
5730000,-3376.047607421875,294.57568565995655
5760000,-3343.192138671875,305.5735471438215
5790000,-3306.344970703125,303.4336353577634
5820000,-3307.978515625,318.2764596110368
5850000,-3350.520263671875,295.0471021533192
5880000,-3334.901611328125,257.44104615977244
5910000,-3310.0283203125,315.4037563929837
5940000,-3307.7412109375,295.40811134619236
5970000,-3360.94970703125,298.58990274260736
6000000,-3280.865234375,303.8282792478657
6030000,-3296.05419921875,299.8071988427338
6060000,-3315.040283203125,288.4932274566353
6090000,-3324.6435546875,283.30074811559666
6120000,-3237.96240234375,321.36697622375567
6150000,-3282.98291015625,270.9387009953203
6180000,-3324.137451171875,307.1032501693794
6210000,-3269.6123046875,333.2772652667651
6240000,-3349.466796875,272.039777922394
6270000,-3218.79248046875,355.18025806544057
6300000,-3314.081298828125,317.47949961017997
6330000,-3235.586181640625,275.493769315221
6360000,-3346.879638671875,294.3932962445305
6390000,-3330.286376953125,300.033489575143
6420000,-3293.733154296875,305.4041638870109
6450000,-3196.808837890625,275.1417264797832
6480000,-3287.8642578125,312.7440319488625
6510000,-3337.27783203125,302.0128913774639
6540000,-3257.598388671875,295.99251027761096
6570000,-3296.21826171875,300.92774302492717
6600000,-3286.3046875,282.98453382274096
6630000,-3306.19677734375,306.01154573059324
6660000,-3295.2783203125,293.7086853060585
6690000,-3353.16162109375,309.88541711489154
6720000,-3278.03662109375,302.392931502581
6750000,-3283.60595703125,296.74333409905205
6780000,-3212.040771484375,326.3785787707979
6810000,-3317.3212890625,290.2939615013006
6840000,-3291.92529296875,282.22438440232446
6870000,-3334.71728515625,291.0283975464985
6900000,-3268.781982421875,291.8074786397331
6930000,-3332.16455078125,298.0604525827676
6960000,-3334.38916015625,315.47522728789903
6990000,-3313.265625,315.4827615697174
7020000,-3307.18603515625,284.43799773537154
7050000,-3329.8232421875,281.6307646461287
7080000,-3307.64453125,275.8981800611761
7110000,-3261.35107421875,283.0284918428695
7140000,-3299.7568359375,303.5795573194547
7170000,-3278.620849609375,289.23974370303705
7200000,-3307.880859375,291.74607473911374
7230000,-3295.71728515625,281.9586033104825
7260000,-3401.941162109375,304.5849117160569
7290000,-3250.01416015625,295.56545034695296
7320000,-3348.14453125,287.8622760809417
7350000,-3398.27685546875,291.44996815336333
7380000,-3282.537109375,284.78805997031156
7410000,-3291.205810546875,311.23379790125193
7440000,-3261.476806640625,292.9846891506256
7470000,-3371.8837890625,309.82753525173604
7500000,-3335.11376953125,271.83397591131313
7530000,-3325.6806640625,336.7596280134233
7560000,-3340.44580078125,291.4244423215194
7590000,-3261.348876953125,295.9131541671756
7620000,-3350.68310546875,296.54470121194646
7650000,-3345.4697265625,315.4068131045831
7680000,-3326.36083984375,269.946678896518
7710000,-3373.6767578125,276.6501063813006
7740000,-3332.24560546875,301.1685376758509
7770000,-3354.748046875,282.69891726993507
7800000,-3275.212890625,322.47312577722016
7830000,-3321.39794921875,313.88771961630323
7860000,-3260.03173828125,314.0807484887531
7890000,-3251.440673828125,285.23356314522096
7920000,-3451.7822265625,291.1760623348088
7950000,-3234.6533203125,294.3218136081084
7980000,-3289.85888671875,300.88006700813884
8010000,-3370.153564453125,283.3054867386784
8040000,-3376.035888671875,301.7596305556376
8070000,-3331.7109375,304.9755542259835
8100000,-3304.78662109375,328.01235553661354
8130000,-3318.47802734375,291.299615447924
8160000,-3283.414794921875,313.8460501355828
8190000,-3355.440185546875,321.3296430928051
8220000,-3321.98486328125,322.0779838324253
8250000,-3230.748046875,310.1397522621506
8280000,-3269.87548828125,311.23173091127296
8310000,-3280.394775390625,273.40502243265354
8340000,-3213.45068359375,282.10980765690755
8370000,-3319.685546875,339.44941496948854
8400000,-3309.131103515625,274.08734638968895
8430000,-3274.017333984375,287.7580467826527
8460000,-3341.2412109375,291.3143428019193
8490000,-3393.605224609375,313.17282359304454
8520000,-3355.07763671875,305.3050175161692
8550000,-3376.792724609375,308.579263362298
8580000,-3204.71044921875,288.17898096018337
8610000,-3216.094970703125,308.7753741913621
8640000,-3386.760009765625,339.694700409314
8670000,-3326.821044921875,326.60844667441927
8700000,-3312.59912109375,299.8687751371072
8730000,-3309.520263671875,289.62171012979366
8760000,-3303.439208984375,295.83728645377107
8790000,-3336.85498046875,290.91059401024233
8820000,-3339.1953125,273.9593106545768
8850000,-3296.68505859375,303.2768263513363
8880000,-3315.08935546875,316.5704663560521
8910000,-3361.093505859375,289.57641893081086
8940000,-3256.179443359375,265.2295896616332
8970000,-3257.24072265625,313.74171432557785
9000000,-3321.0390625,288.54200860082693
9030000,-3296.23779296875,305.40094686062974
9060000,-3231.271484375,268.07273399408064
9090000,-3310.548828125,286.2946259342963
9120000,-3328.140625,287.8446693931411
9150000,-3282.7978515625,314.6424472361803
9180000,-3274.810546875,297.7494626801956
9210000,-3281.735107421875,308.65269680107383
9240000,-3249.50830078125,338.1065051222042
9270000,-3233.70263671875,300.894661796629
9300000,-3332.58203125,318.6196028837536
9330000,-3277.9130859375,269.63423835432076
9360000,-3266.06005859375,293.14464989349045
9390000,-3256.3505859375,267.5323620905652
9420000,-3279.926513671875,287.15412533994834
9450000,-3349.78515625,309.5432265601347
9480000,-3227.697265625,304.2528787742068
9510000,-3281.0185546875,296.69938788245537
9540000,-3281.0703125,338.29730355313916
9570000,-3277.8310546875,309.79313802756536
9600000,-3314.18212890625,286.86514158789254
9630000,-3276.012451171875,285.68863957292353
9660000,-3239.7509765625,293.1407136118783
9690000,-3244.28955078125,292.9719118971217
9720000,-3375.3037109375,312.1634895005535
9750000,-3315.61865234375,278.59838359701
9780000,-3340.343994140625,297.65762133594563
9810000,-3314.176025390625,308.86149071164823
9840000,-3252.3876953125,299.9981233322555
9870000,-3349.557373046875,317.6907944070316
9900000,-3340.6337890625,331.4435553384672
9930000,-3272.159423828125,306.51745414514005
9960000,-3278.4599609375,304.17810226357994
9990000,-3294.139404296875,312.68654252804714
10020000,-3291.37548828125,335.2953409296255
10050000,-3394.262451171875,276.4088533276513
10080000,-3315.444091796875,296.0379794362807
10110000,-3370.8056640625,288.0425983741775
10140000,-3383.055419921875,314.4150707355312
10170000,-3339.678955078125,321.5509798152194
10200000,-3274.404052734375,283.53697935280405
10230000,-3302.557373046875,290.1604258508004
10260000,-3262.4072265625,318.6415414261396
10290000,-3330.032958984375,272.71672387266204
10320000,-3289.36279296875,302.83371771421207
10350000,-3324.6064453125,281.02137827343375
10380000,-3258.80810546875,312.45275278077827
10410000,-3256.6708984375,312.27357816250384
10440000,-3243.760498046875,288.04365841834044
10470000,-3266.4306640625,261.79327063624737
10500000,-3327.97802734375,323.8406312041095
10530000,-3352.4375,321.6414824391659
10560000,-3294.71923828125,298.7830627686762
10590000,-3310.255859375,284.99320257014176
10620000,-3318.262451171875,274.84360031241783
10650000,-3311.504638671875,310.751222294875
10680000,-3335.268798828125,311.0131008563262
10710000,-3393.41162109375,300.55891945083414
10740000,-3325.75048828125,293.98103570018003
10770000,-3301.61669921875,339.1645460642922
10800000,-3303.015869140625,287.491634119222
10830000,-3301.9140625,305.72564006348233
10860000,-3281.02001953125,308.6920452077945
10890000,-3281.02490234375,295.221391514183
10920000,-3294.25,322.29955720002545
10950000,-3358.52978515625,289.5713170236957
10980000,-3323.54150390625,309.3573877475658
11010000,-3348.46435546875,297.2873710526784
11040000,-3374.1572265625,313.6210145683779
11070000,-3303.77783203125,313.37359007851325
11100000,-3353.962158203125,273.49519626829266
11130000,-3290.161376953125,288.0715982915861
11160000,-3342.74609375,348.911184126113
11190000,-3310.57275390625,315.20214307041095
11220000,-3242.97900390625,298.8516393646084
11250000,-3333.2587890625,290.81907530647385
11280000,-3324.029541015625,312.60885206465474
11310000,-3348.85595703125,304.4239103689884
11340000,-3252.234130859375,297.17205284909994
11370000,-3335.212158203125,296.2518979600385
11400000,-3300.1728515625,287.2005260513429
11430000,-3350.59423828125,278.5202992712302
11460000,-3351.80712890625,303.8348838295498
11490000,-3343.4326171875,290.74070877973475
11520000,-3297.80517578125,300.30780204548887
11550000,-3400.92919921875,294.4429902417079
11580000,-3332.27392578125,297.5909272674677
11610000,-3352.7978515625,294.9645712088958
11640000,-3274.508544921875,279.46390472507585
11670000,-3283.372802734375,293.15865149880244
11700000,-3309.12939453125,294.9510801726482
11730000,-3254.438720703125,315.05583590862136
11760000,-3315.19287109375,287.8091273826628
11790000,-3359.80419921875,269.61655886868806
11820000,-3338.031494140625,338.7841079921111
11850000,-3265.5576171875,288.59306839714264
11880000,-3275.62451171875,285.01214842874367
11910000,-3313.19873046875,303.0299381644064
11940000,-3288.99951171875,290.31865670171925
11970000,-3325.06396484375,309.6302613924278
12000000,-3302.33154296875,287.01573461431866
