#"Step","Potential Energy (kJ/mole)","Temperature (K)"
30000,-3281.969970703125,302.2306486068069
60000,-3265.58251953125,310.7933190025678
90000,-3279.1484375,307.34480741268743
120000,-3353.267578125,299.22495721875697
150000,-3241.545654296875,305.35697674357436
180000,-3256.3525390625,297.0315610433765
210000,-3289.0947265625,303.51087153983224
240000,-3289.34521484375,279.12076473968716
270000,-3369.831298828125,306.26484018877215
300000,-3255.430908203125,293.8734709684485
330000,-3294.811767578125,303.76690664378515
360000,-3357.9189453125,343.88070473722075
390000,-3240.3232421875,330.1478261619782
420000,-3336.493896484375,280.7591438758529
450000,-3280.3662109375,288.11766084072815
480000,-3288.681884765625,284.0583094873899
510000,-3267.220458984375,330.6387987077482
540000,-3283.09521484375,279.9273760535058
570000,-3275.65234375,295.930610499705
600000,-3356.42431640625,300.2551502919805
630000,-3231.857177734375,325.02682907133726
660000,-3261.3046875,304.30257069762536
690000,-3292.61181640625,295.023661496477
720000,-3334.845947265625,349.6855783610742
750000,-3375.156005859375,256.04626808482146
780000,-3317.724609375,303.2439026895387
810000,-3348.71533203125,307.19118754544064
840000,-3264.787109375,305.7869318293245
870000,-3352.40625,272.2027364244882
900000,-3282.63916015625,289.1274001788371
930000,-3350.9912109375,292.90786567350426
960000,-3247.939697265625,304.73599040522186
990000,-3277.69775390625,301.70571061819163
1020000,-3310.835693359375,285.60133732775085
1050000,-3347.9765625,286.41832452637067
1080000,-3352.496337890625,319.1677606549674
1110000,-3257.97265625,249.24685276717207
1140000,-3279.73876953125,302.21917946179155
1170000,-3282.8466796875,287.7993284582224
1200000,-3299.90576171875,289.1808452002019
1230000,-3367.035888671875,278.58724250416253
1260000,-3308.117919921875,307.8503036939784
1290000,-3223.2119140625,302.8303106483557
1320000,-3330.85986328125,297.6111214073085
1350000,-3298.612548828125,297.709283254393
1380000,-3242.28515625,285.5603099451285
1410000,-3262.008056640625,272.1514297986351
1440000,-3350.508056640625,277.33402660545414
1470000,-3347.5390625,273.52626027294826
1500000,-3347.635986328125,297.2634140459446
1530000,-3208.31298828125,279.30229182398614
1560000,-3236.034423828125,346.79884630626003
1590000,-3312.27001953125,310.4141274969591
1620000,-3275.863525390625,278.9989985954459
1650000,-3312.369140625,252.06885676179485
1680000,-3326.16650390625,263.49816867069956
1710000,-3273.4638671875,326.24907955605727
1740000,-3279.259521484375,298.7325090666433
1770000,-3304.83203125,286.31471400312546
1800000,-3295.83203125,287.2511945666562
1830000,-3377.283203125,285.65833939809295
1860000,-3341.545166015625,307.9345621540636
1890000,-3305.626953125,298.2928615322595
1920000,-3162.74072265625,264.6071287574891
1950000,-3358.33154296875,314.3685004427293
1980000,-3314.7724609375,276.62094985061873
2010000,-3341.758544921875,295.6525460796926
2040000,-3305.79833984375,302.632447554254
2070000,-3345.1884765625,256.6050709214302
2100000,-3338.481201171875,292.12229831301727
2130000,-3305.8984375,323.81453477232964
2160000,-3240.2041015625,306.5734902229354
2190000,-3279.929931640625,334.5930261035569
2220000,-3268.8662109375,294.8357797849517
2250000,-3381.724853515625,311.21260147890024
2280000,-3407.73779296875,290.03356700037176
2310000,-3288.4208984375,272.15652348906224
2340000,-3297.012939453125,311.50862332536246
2370000,-3325.1044921875,270.8450494064769
2400000,-3315.57421875,290.1337369152617
2430000,-3261.85693359375,274.6981403558022
2460000,-3305.345947265625,299.8832939514293
2490000,-3298.64404296875,284.40202780748416
2520000,-3309.489013671875,275.2794475404406
2550000,-3326.7548828125,314.6458729095543
2580000,-3325.552734375,275.0304865739822
2610000,-3313.45361328125,319.4215332398405
2640000,-3239.8974609375,324.50675937490183
2670000,-3282.55908203125,303.5433915188802
2700000,-3312.45361328125,302.3468016913434
2730000,-3240.12646484375,288.3145445448194
2760000,-3376.52490234375,299.28292816866747
2790000,-3289.220703125,316.47059005636464
2820000,-3178.108642578125,284.17828021347515
2850000,-3219.073974609375,287.9361263509636
2880000,-3323.658447265625,284.65218580207994
2910000,-3345.70947265625,338.86460066278056
2940000,-3216.6357421875,275.22395631238834
2970000,-3294.730712890625,308.42121851800124
3000000,-3291.306396484375,300.4683710109762
3030000,-3376.485595703125,285.4878457947967
3060000,-3324.37744140625,294.0702989165516
3090000,-3346.05908203125,307.7379427358402
3120000,-3317.90771484375,296.29026759827445
3150000,-3278.37548828125,305.62579330894187
3180000,-3278.32763671875,289.02898531848007
3210000,-3233.5693359375,340.34139745662367
3240000,-3232.45703125,300.19897584321615
3270000,-3360.59765625,286.0336004149035
3300000,-3313.91650390625,300.3277617240787
3330000,-3235.371826171875,267.0396267354977
3360000,-3148.303955078125,335.0587397368144
3390000,-3362.285888671875,337.9139517167161
3420000,-3368.516845703125,294.5093065530946
3450000,-3342.38916015625,292.8548942036695
3480000,-3308.22802734375,288.3465972307984
3510000,-3346.50439453125,294.1746471585003
3540000,-3379.62109375,326.27533844574805
3570000,-3327.473388671875,307.1210056756989
3600000,-3242.142822265625,324.0266328981551
3630000,-3344.8291015625,320.4201252238355
3660000,-3267.214111328125,348.6717743755973
3690000,-3386.18701171875,318.9124799209979
3720000,-3273.13623046875,311.1261788274078
3750000,-3396.732421875,291.5508316422534
3780000,-3351.990234375,297.21476359834514
3810000,-3310.87646484375,321.5226405438499
3840000,-3296.730224609375,311.32863740054904
3870000,-3276.13818359375,262.18655267151536
3900000,-3371.857421875,315.69506069264247
3930000,-3242.13720703125,310.32062714316356
3960000,-3336.22998046875,294.79402184017505
3990000,-3324.19921875,282.63413141381466
4020000,-3336.564453125,340.53106767377545
4050000,-3340.282958984375,305.81339295008695
4080000,-3257.06591796875,312.5606571890714
4110000,-3287.55615234375,281.2888140377599
4140000,-3316.523193359375,277.5588364961151
4170000,-3388.7490234375,270.87057176328534
4200000,-3231.09716796875,279.1059775282457
4230000,-3322.03857421875,266.8435147426475
4260000,-3256.8095703125,313.6050640394185
4290000,-3334.194091796875,304.71240464213207
4320000,-3392.90673828125,287.37358501433266
4350000,-3249.97265625,287.48926106659076
4380000,-3340.5205078125,296.54170049510117
4410000,-3371.990478515625,321.48099892992735
4440000,-3257.83056640625,287.0491179976904
4470000,-3291.5341796875,277.56510551896696
4500000,-3258.7451171875,294.41885334516525
4530000,-3334.9921875,320.6603251132067
4560000,-3332.27001953125,292.9059535584647
4590000,-3323.2744140625,286.3218376007076
4620000,-3274.72216796875,315.5841319567677
4650000,-3345.368896484375,307.1756720063793
4680000,-3326.5,305.3399480901474
4710000,-3321.97021484375,291.21132791673875
4740000,-3249.540771484375,324.26124118441123
4770000,-3335.5546875,300.88970927197107
4800000,-3273.130859375,285.35521061430575
4830000,-3327.835693359375,326.08590762655217
4860000,-3342.4521484375,277.66923775620023
4890000,-3273.184326171875,312.1917305691166
4920000,-3304.169677734375,287.9937760020926
4950000,-3262.11181640625,301.8977618369756
4980000,-3298.814208984375,299.33307263425957
5010000,-3338.193603515625,306.32635376601775
5040000,-3238.5615234375,281.3696885926354
5070000,-3224.94775390625,273.2747403506795
5100000,-3313.64697265625,337.86791000146485
5130000,-3286.138671875,296.84962725668674
5160000,-3349.080810546875,326.5923651216039
5190000,-3359.5341796875,310.54128437126604
5220000,-3321.22021484375,282.81926504308785
5250000,-3371.8798828125,292.8678171344496
5280000,-3295.49853515625,273.7939601903698
5310000,-3293.45263671875,297.28354442647344
5340000,-3356.78369140625,279.1889024691551
5370000,-3324.865234375,323.010762981206
5400000,-3291.91259765625,271.6000377801089
5430000,-3336.099609375,294.12355757628234
5460000,-3313.93896484375,292.7711682221845
5490000,-3228.06591796875,277.3081480730104
5520000,-3367.68115234375,301.735247824407
5550000,-3307.14990234375,297.8501185149019
5580000,-3351.48388671875,308.4616124517567
5610000,-3298.79833984375,311.07186829694786
5640000,-3330.385986328125,321.26625907809495
5670000,-3259.3125,301.6199070265686
5700000,-3305.214599609375,319.50464691647466
5730000,-3351.98291015625,286.6296878478543
5760000,-3417.134521484375,276.978314849052
5790000,-3235.5849609375,288.7426120901541
5820000,-3335.7998046875,290.03722611974445
5850000,-3331.19580078125,297.20717099338475
5880000,-3253.084716796875,288.23661194829856
5910000,-3256.384765625,292.79384234749
5940000,-3329.98974609375,297.35111462991847
5970000,-3269.47265625,307.530381860582
6000000,-3314.0126953125,285.6860768280758
6030000,-3286.175048828125,288.6664150547002
6060000,-3271.00244140625,276.4090621256262
6090000,-3334.0048828125,287.76894223810893
6120000,-3330.4951171875,299.6669797073297
6150000,-3312.72705078125,272.84781624347437
6180000,-3313.42578125,274.81256920165043
6210000,-3274.62548828125,289.58407307197473
6240000,-3357.705078125,309.3548660314783
6270000,-3292.95556640625,341.99493148061777
6300000,-3282.712890625,321.7324154256147
6330000,-3420.623046875,331.2839258453253
6360000,-3286.39892578125,283.9325937849095
6390000,-3307.998046875,312.0526862054633
6420000,-3343.8837890625,277.70856739054716
6450000,-3306.008056640625,305.3258694839895
6480000,-3342.09375,283.1036864603368
6510000,-3305.98193359375,297.74547810024154
6540000,-3330.61962890625,291.7851019376421
6570000,-3364.318359375,311.2471101029328
6600000,-3306.630859375,296.45563848015155
6630000,-3353.4833984375,266.88582690580745
6660000,-3325.69677734375,347.3264420000879
6690000,-3339.40478515625,291.2198449088976
6720000,-3341.68017578125,293.7087726210188
6750000,-3287.483642578125,300.30151522797405
6780000,-3349.913330078125,299.51918851684644
6810000,-3318.33154296875,304.0584928726355
6840000,-3345.6728515625,297.08340270962793
6870000,-3312.37255859375,293.1374296363832
6900000,-3292.115234375,320.8941595536109
6930000,-3341.90576171875,280.34439222233306
6960000,-3339.110595703125,283.77662001210587
6990000,-3350.443115234375,290.1889588435668
7020000,-3244.6103515625,311.19216215237
7050000,-3305.959716796875,311.5330319520551
7080000,-3299.802734375,271.3043889519418
7110000,-3312.170654296875,283.2173011162969
7140000,-3347.5537109375,300.0032263607185
7170000,-3283.5068359375,303.72510647136926
7200000,-3283.521484375,311.6460171391066
7230000,-3324.49755859375,308.3354588654195
7260000,-3304.32421875,310.4761591629914
7290000,-3317.764892578125,293.09497050811115
7320000,-3288.420166015625,312.3197894542657
7350000,-3316.940185546875,284.17979785893453
7380000,-3366.5185546875,297.0657689348312
7410000,-3279.357421875,321.8918451458359
7440000,-3308.52783203125,300.23086294631287
7470000,-3302.55810546875,304.34889290488235
7500000,-3298.9697265625,315.37397911633025
7530000,-3292.5732421875,303.2342489902444
7560000,-3274.793701171875,285.1382219284882
7590000,-3207.77587890625,285.31548467247825
7620000,-3277.355224609375,322.634992785182
7650000,-3256.162841796875,307.97730424799875
7680000,-3299.04345703125,274.63884341500733
7710000,-3290.1591796875,326.6131266217954
7740000,-3254.003173828125,309.0994601717462
7770000,-3332.046630859375,301.40107316625614
7800000,-3350.789794921875,278.82232632511824
7830000,-3268.70263671875,311.439977395208
7860000,-3215.60888671875,289.01352971684463
7890000,-3375.525634765625,289.9215407637275
7920000,-3247.607177734375,308.19031869368433
7950000,-3247.9697265625,292.85720621058505
7980000,-3265.11572265625,338.5029632052846
8010000,-3285.892578125,290.1592496826696
8040000,-3266.65966796875,314.44620265660586
8070000,-3300.870849609375,321.6231328756046
8100000,-3271.062255859375,271.5128500409478
8130000,-3356.475830078125,308.9834349804325
8160000,-3330.0458984375,300.1222100363414
8190000,-3319.0830078125,323.84764635373284
8220000,-3238.5537109375,285.7264459893492
8250000,-3265.608154296875,307.8858972048422
8280000,-3300.80078125,330.9537950724701
8310000,-3302.110595703125,329.06387761972917
8340000,-3300.88671875,307.8787621097729
8370000,-3296.294677734375,299.09082087270144
8400000,-3233.664306640625,316.3997327843327
8430000,-3213.14306640625,294.818433556695
8460000,-3361.67431640625,274.98415689433784
8490000,-3324.86376953125,308.0540671535697
8520000,-3278.419189453125,333.37761700321795
8550000,-3339.090576171875,302.0178411020169
8580000,-3333.59326171875,279.6189012858361
8610000,-3252.951904296875,270.161518937999
8640000,-3246.23486328125,295.9771434615826
8670000,-3327.003662109375,305.83544947147976
8700000,-3222.490478515625,287.6338586822859
8730000,-3293.9638671875,287.2359385355439
8760000,-3347.179931640625,273.30859693138547
8790000,-3226.1689453125,287.35766067790263
8820000,-3295.976318359375,291.7171348684909
8850000,-3372.83642578125,306.67687095149915
8880000,-3325.22021484375,332.26665100480994
8910000,-3300.758544921875,259.67023624734935
8940000,-3446.92431640625,320.73687724375407
8970000,-3367.339111328125,298.136376611661
9000000,-3260.46435546875,304.4589592051668
9030000,-3244.607421875,284.4104059891937
9060000,-3310.28466796875,282.2433382091112
9090000,-3250.341796875,280.07606642208157
9120000,-3286.046875,316.46873820846304
9150000,-3184.24072265625,303.75546245079806
9180000,-3289.45849609375,310.3736770012469
9210000,-3294.278076171875,329.538118936919
9240000,-3252.4208984375,301.6953407073829
9270000,-3264.3095703125,314.7063724391147
9300000,-3286.217529296875,304.72076659939205
9330000,-3283.0791015625,311.3998080019586
9360000,-3316.24951171875,316.18596334106803
9390000,-3214.656982421875,285.71829325730243
9420000,-3239.9287109375,305.73786603173534
9450000,-3320.29150390625,306.0686555392785
9480000,-3273.35302734375,318.12700336193245
9510000,-3301.9404296875,297.9417645267357
9540000,-3306.385986328125,289.01004842821203
9570000,-3329.8955078125,302.6034047954845
9600000,-3354.9833984375,276.5334902707234
9630000,-3281.0078125,260.5621388723247
9660000,-3198.8681640625,295.78108559702184
9690000,-3325.52001953125,289.36214138479403
9720000,-3348.22509765625,290.19515414147526
9750000,-3286.837646484375,327.3134895698652
9780000,-3340.3994140625,278.2948511688308
9810000,-3256.3642578125,283.2052530120409
9840000,-3325.908203125,290.28894063971813
9870000,-3266.31494140625,297.90968542874225
9900000,-3307.004150390625,283.23568160587894
9930000,-3369.83984375,302.6932720624774
9960000,-3355.27587890625,294.02938115505947
9990000,-3366.6943359375,312.3390784722179
10020000,-3218.70263671875,272.1857091747862
10050000,-3324.00732421875,314.84036871544913
10080000,-3267.4765625,282.4308386428071
10110000,-3302.03173828125,301.7987301210871
10140000,-3290.91552734375,266.3028988064352
10170000,-3348.7587890625,281.15780916390247
10200000,-3286.6572265625,284.031631820825
10230000,-3329.87744140625,297.4639747216589
10260000,-3314.708984375,337.3104077275067
10290000,-3295.891845703125,303.0688562461663
10320000,-3341.513916015625,294.9619797725617
10350000,-3278.281005859375,304.4719718339752
10380000,-3305.62158203125,291.24256946710483
10410000,-3261.14599609375,292.1566110619145
10440000,-3283.61083984375,320.9409446734681
10470000,-3217.566162109375,292.01250279128794
10500000,-3250.947509765625,287.42435850705783
10530000,-3279.857421875,289.909551704675
10560000,-3299.67333984375,326.9590035281902
10590000,-3260.53076171875,273.30068630436205
10620000,-3342.3837890625,299.17998769560285
10650000,-3328.9951171875,299.5487714061498
10680000,-3247.328857421875,319.2903754603393
10710000,-3328.6650390625,285.1308899593535
10740000,-3246.810546875,295.1299394522595
10770000,-3244.1865234375,299.83919307861316
10800000,-3247.736083984375,274.97842300165746
10830000,-3303.955322265625,322.21617683196115
10860000,-3231.426513671875,303.78761532719085
10890000,-3279.047607421875,292.1451466765063
10920000,-3301.703857421875,310.9551140353458
10950000,-3246.74609375,294.1533042909043
10980000,-3335.320068359375,305.3013597515543
11010000,-3170.50732421875,272.98287694081904
11040000,-3298.66357421875,302.03986827494737
11070000,-3259.7119140625,276.25817431490697
11100000,-3328.88134765625,303.5925746491097
11130000,-3301.91796875,274.0342075795102
11160000,-3329.234619140625,285.3652014002074
11190000,-3292.0107421875,319.53764460681214
11220000,-3277.3662109375,338.5088828605675
11250000,-3350.91748046875,321.3402977933032
11280000,-3284.935791015625,265.6439552940389
11310000,-3247.826171875,302.1442235249115
11340000,-3387.810302734375,343.0629376077644
11370000,-3287.0341796875,313.70695863941387
11400000,-3265.52099609375,287.327331272947
11430000,-3291.55126953125,270.3019393993987
11460000,-3299.853271484375,286.96233237881876
11490000,-3277.854248046875,302.39106108143886
11520000,-3247.11328125,282.6229244870801
11550000,-3320.145751953125,306.0367995499099
11580000,-3272.2822265625,271.5274707428546
11610000,-3299.92626953125,305.07714045534146
11640000,-3326.31396484375,318.06201862409347
11670000,-3338.767822265625,305.45849644779236
11700000,-3282.029541015625,293.21670458294864
11730000,-3258.033203125,301.9779714611862
11760000,-3304.504150390625,279.3837034465001
11790000,-3370.556640625,307.5238328353959
11820000,-3304.15869140625,285.56093346223287
11850000,-3294.96142578125,305.3318977663693
11880000,-3392.387451171875,301.56641477393777
11910000,-3248.9228515625,275.29478837449835
11940000,-3320.63623046875,293.13771953334657
11970000,-3277.14306640625,279.2404740236209
12000000,-3341.86865234375,312.5296308848379
